13:28:37 **** Incremental Build of configuration Nios II for project rps ****
wsl make all 
Info: Building /mnt/c/school/Jaar-3/Periode-4/FPGA/FPGA-project/software/rps_bsp/
make --no-print-directory -C /mnt/c/school/Jaar-3/Periode-4/FPGA/FPGA-project/software/rps_bsp/
[BSP build complete]
Info: Linking rps.elf
nios2-elf-g++.exe  -T'c:/school/Jaar-3/Periode-4/FPGA/FPGA-project/software/rps_bsp//linker.x' -msys-crt0='c:/school/Jaar-3/Periode-4/FPGA/FPGA-project/software/rps_bsp//obj/HAL/src/crt0.o' -msys-lib=hal_bsp -Lc:/school/Jaar-3/Periode-4/FPGA/FPGA-project/software/rps_bsp/  -mcustom-fpu-cfg=60-2  -Wl,-Map=rps.map   -O0 -g -Wall   -mno-hw-div -mcustom-fpu-cfg=60-2 -mno-hw-mul -mno-hw-mulx -mgpopt=global  -o rps.elf obj/default/hello_world.o -lm -msys-lib=m
c:/intelfpga_lite/21.1/nios2eds/bin/gnu/h-x86_64-mingw32/bin/../lib/gcc/nios2-elf/10.3.1/../../../../../H-x86_64-mingw32/nios2-elf/bin/ld.exe: obj/default/hello_world.o: in function `fft_and_power_spectrum':
C:\school\Jaar-3\Periode-4\FPGA\FPGA-project\software\rps/hello_world.c:203: undefined reference to `fftw_malloc'
c:/intelfpga_lite/21.1/nios2eds/bin/gnu/h-x86_64-mingw32/bin/../lib/gcc/nios2-elf/10.3.1/../../../../../H-x86_64-mingw32/nios2-elf/bin/ld.exe: C:\school\Jaar-3\Periode-4\FPGA\FPGA-project\software\rps/hello_world.c:204: undefined reference to `fftw_plan_dft_r2c_1d'
c:/intelfpga_lite/21.1/nios2eds/bin/gnu/h-x86_64-mingw32/bin/../lib/gcc/nios2-elf/10.3.1/../../../../../H-x86_64-mingw32/nios2-elf/bin/ld.exe: C:\school\Jaar-3\Periode-4\FPGA\FPGA-project\software\rps/hello_world.c:205: undefined reference to `fftw_execute'
c:/intelfpga_lite/21.1/nios2eds/bin/gnu/h-x86_64-mingw32/bin/../lib/gcc/nios2-elf/10.3.1/../../../../../H-x86_64-mingw32/nios2-elf/bin/ld.exe: C:\school\Jaar-3\Periode-4\FPGA\FPGA-project\software\rps/hello_world.c:211: undefined reference to `fftw_destroy_plan'
c:/intelfpga_lite/21.1/nios2eds/bin/gnu/h-x86_64-mingw32/bin/../lib/gcc/nios2-elf/10.3.1/../../../../../H-x86_64-mingw32/nios2-elf/bin/ld.exe: C:\school\Jaar-3\Periode-4\FPGA\FPGA-project\software\rps/hello_world.c:212: undefined reference to `fftw_free'
Makefile:1014: recipe for target 'rps.elf' failed
collect2.exe: error: ld returned 1 exit status
make: *** [rps.elf] Error 1
13:29:00 **** Incremental Build of configuration Nios II for project rps ****
wsl make all 
Info: Building /mnt/c/school/Jaar-3/Periode-4/FPGA/FPGA-project/software/rps_bsp/
make --no-print-directory -C /mnt/c/school/Jaar-3/Periode-4/FPGA/FPGA-project/software/rps_bsp/
[BSP build complete]
Info: Compiling hello_world.c to obj/default/hello_world.o
nios2-elf-gcc.exe -xc -MP -MMD -c -Ic:/school/Jaar-3/Periode-4/FPGA/FPGA-project/software/rps_bsp//HAL/inc -Ic:/school/Jaar-3/Periode-4/FPGA/FPGA-project/software/rps_bsp/ -Ic:/school/Jaar-3/Periode-4/FPGA/FPGA-project/software/rps_bsp//drivers/inc  -pipe -D__hal__ -DALT_NO_INSTRUCTION_EMULATION -DALT_SINGLE_THREADED    -O0 -g -Wall   -mno-hw-div -mcustom-fpu-cfg=60-2 -mno-hw-mul -mno-hw-mulx -mgpopt=global  -o "obj/default/hello_world.o" "hello_world.c"
hello_world.c: In function 'main':
hello_world.c:40:9: warning: unused variable 'denormalized_buffer' [-Wunused-variable]
Info: Linking rps.elf
   40 |   float denormalized_buffer[BUF_SIZE];
nios2-elf-g++.exe  -T'c:/school/Jaar-3/Periode-4/FPGA/FPGA-project/software/rps_bsp//linker.x' -msys-crt0='c:/school/Jaar-3/Periode-4/FPGA/FPGA-project/software/rps_bsp//obj/HAL/src/crt0.o' -msys-lib=hal_bsp -Lc:/school/Jaar-3/Periode-4/FPGA/FPGA-project/software/rps_bsp/  -mcustom-fpu-cfg=60-2  -Wl,-Map=rps.map   -O0 -g -Wall   -mno-hw-div -mcustom-fpu-cfg=60-2 -mno-hw-mul -mno-hw-mulx -mgpopt=global  -o rps.elf obj/default/hello_world.o -lm -msys-lib=m
      |         ^~~~~~~~~~~~~~~~~~~
hello_world.c:38:7: warning: variable 'right_buffer' set but not used [-Wunused-but-set-variable]
   38 |   int right_buffer[BUF_SIZE];
nios2-elf-insert.exe rps.elf --thread_model hal --cpu_name Nios2 --qsys true --simulation_enabled false --id 0 --sidp 0xff202040 --timestamp 1716816539 --stderr_dev JTAG_UART --stdin_dev JTAG_UART --stdout_dev JTAG_UART --sopc_system_name Computer_System --quartus_project_dir "c:/school/Jaar-3/Periode-4/FPGA/FPGA-project" --sopcinfo C:/school/Jaar-3/Periode-4/FPGA/FPGA-project/Computer_System.sopcinfo
      |       ^~~~~~~~~~~~
Info: (rps.elf) 97 KBytes program size (code + initialized data).
Info:           130967 KBytes free for stack + heap.
Info: Creating rps.objdump
nios2-elf-objdump.exe --disassemble --syms --all-header --source rps.elf >rps.objdump
[rps build complete]
13:29:05 **** Incremental Build of configuration Nios II for project rps_bsp ****
wsl make all 
[BSP build complete]
13:53:10 **** Incremental Build of configuration Nios II for project rps ****
wsl make all 
Info: Building /mnt/c/school/Jaar-3/Periode-4/FPGA/FPGA-project/software/rps_bsp/
make --no-print-directory -C /mnt/c/school/Jaar-3/Periode-4/FPGA/FPGA-project/software/rps_bsp/
[BSP build complete]
Info: Compiling hello_world.c to obj/default/hello_world.o
nios2-elf-gcc.exe -xc -MP -MMD -c -Ic:/school/Jaar-3/Periode-4/FPGA/FPGA-project/software/rps_bsp//HAL/inc -Ic:/school/Jaar-3/Periode-4/FPGA/FPGA-project/software/rps_bsp/ -Ic:/school/Jaar-3/Periode-4/FPGA/FPGA-project/software/rps_bsp//drivers/inc  -pipe -D__hal__ -DALT_NO_INSTRUCTION_EMULATION -DALT_SINGLE_THREADED    -O0 -g -Wall   -mno-hw-div -mcustom-fpu-cfg=60-2 -mno-hw-mul -mno-hw-mulx -mgpopt=global  -o "obj/default/hello_world.o" "hello_world.c"
hello_world.c: In function 'main':
hello_world.c:68:13: warning: implicit declaration of function 'fft' [-Wimplicit-function-declaration]
   68 |             fft(normalized_buffer);
      |             ^~~
hello_world.c:41:9: warning: unused variable 'denormalized_buffer' [-Wunused-variable]
   41 |   float denormalized_buffer[BUF_SIZE];
      |         ^~~~~~~~~~~~~~~~~~~
hello_world.c:39:7: warning: variable 'right_buffer' set but not used [-Wunused-but-set-variable]
   39 |   int right_buffer[BUF_SIZE];
      |       ^~~~~~~~~~~~
hello_world.c: At top level:
hello_world.c:205:6: warning: conflicting types for 'fft'
  205 | void fft(float *real) {
      |      ^~~
hello_world.c:68:13: note: previous implicit declaration of 'fft' was here
   68 |             fft(normalized_buffer);
      |             ^~~
Info: Linking rps.elf
nios2-elf-g++.exe  -T'c:/school/Jaar-3/Periode-4/FPGA/FPGA-project/software/rps_bsp//linker.x' -msys-crt0='c:/school/Jaar-3/Periode-4/FPGA/FPGA-project/software/rps_bsp//obj/HAL/src/crt0.o' -msys-lib=hal_bsp -Lc:/school/Jaar-3/Periode-4/FPGA/FPGA-project/software/rps_bsp/  -mcustom-fpu-cfg=60-2  -Wl,-Map=rps.map   -O0 -g -Wall   -mno-hw-div -mcustom-fpu-cfg=60-2 -mno-hw-mul -mno-hw-mulx -mgpopt=global  -o rps.elf obj/default/hello_world.o -lm -msys-lib=m
nios2-elf-insert.exe rps.elf --thread_model hal --cpu_name Nios2 --qsys true --simulation_enabled false --id 0 --sidp 0xff202040 --timestamp 1716816539 --stderr_dev JTAG_UART --stdin_dev JTAG_UART --stdout_dev JTAG_UART --sopc_system_name Computer_System --quartus_project_dir "c:/school/Jaar-3/Periode-4/FPGA/FPGA-project" --sopcinfo C:/school/Jaar-3/Periode-4/FPGA/FPGA-project/Computer_System.sopcinfo
Info: (rps.elf) 98 KBytes program size (code + initialized data).
Info:           130966 KBytes free for stack + heap.
Info: Creating rps.objdump
nios2-elf-objdump.exe --disassemble --syms --all-header --source rps.elf >rps.objdump
[rps build complete]
13:53:12 **** Incremental Build of configuration Nios II for project rps_bsp ****
wsl make all 
[BSP build complete]
13:53:59 **** Incremental Build of configuration Nios II for project rps ****
wsl make all 
Info: Building /mnt/c/school/Jaar-3/Periode-4/FPGA/FPGA-project/software/rps_bsp/
make --no-print-directory -C /mnt/c/school/Jaar-3/Periode-4/FPGA/FPGA-project/software/rps_bsp/
[BSP build complete]
Info: Compiling hello_world.c to obj/default/hello_world.o
nios2-elf-gcc.exe -xc -MP -MMD -c -Ic:/school/Jaar-3/Periode-4/FPGA/FPGA-project/software/rps_bsp//HAL/inc -Ic:/school/Jaar-3/Periode-4/FPGA/FPGA-project/software/rps_bsp/ -Ic:/school/Jaar-3/Periode-4/FPGA/FPGA-project/software/rps_bsp//drivers/inc  -pipe -D__hal__ -DALT_NO_INSTRUCTION_EMULATION -DALT_SINGLE_THREADED    -O0 -g -Wall   -mno-hw-div -mcustom-fpu-cfg=60-2 -mno-hw-mul -mno-hw-mulx -mgpopt=global  -o "obj/default/hello_world.o" "hello_world.c"
hello_world.c: In function 'main':
hello_world.c:68:13: warning: implicit declaration of function 'calculate_fft' [-Wimplicit-function-declaration]
   68 |             calculate_fft(normalized_buffer);
      |             ^~~~~~~~~~~~~
hello_world.c:41:9: warning: unused variable 'denormalized_buffer' [-Wunused-variable]
   41 |   float denormalized_buffer[BUF_SIZE];
      |         ^~~~~~~~~~~~~~~~~~~
hello_world.c:39:7: warning: variable 'right_buffer' set but not used [-Wunused-but-set-variable]
   39 |   int right_buffer[BUF_SIZE];
      |       ^~~~~~~~~~~~
hello_world.c: At top level:
hello_world.c:205:6: warning: conflicting types for 'calculate_fft'
  205 | void calculate_fft(float *real) {
      |      ^~~~~~~~~~~~~
hello_world.c:68:13: note: previous implicit declaration of 'calculate_fft' was here
   68 |             calculate_fft(normalized_buffer);
      |             ^~~~~~~~~~~~~
Info: Linking rps.elf
nios2-elf-g++.exe  -T'c:/school/Jaar-3/Periode-4/FPGA/FPGA-project/software/rps_bsp//linker.x' -msys-crt0='c:/school/Jaar-3/Periode-4/FPGA/FPGA-project/software/rps_bsp//obj/HAL/src/crt0.o' -msys-lib=hal_bsp -Lc:/school/Jaar-3/Periode-4/FPGA/FPGA-project/software/rps_bsp/  -mcustom-fpu-cfg=60-2  -Wl,-Map=rps.map   -O0 -g -Wall   -mno-hw-div -mcustom-fpu-cfg=60-2 -mno-hw-mul -mno-hw-mulx -mgpopt=global  -o rps.elf obj/default/hello_world.o -lm -msys-lib=m
nios2-elf-insert.exe rps.elf --thread_model hal --cpu_name Nios2 --qsys true --simulation_enabled false --id 0 --sidp 0xff202040 --timestamp 1716816539 --stderr_dev JTAG_UART --stdin_dev JTAG_UART --stdout_dev JTAG_UART --sopc_system_name Computer_System --quartus_project_dir "c:/school/Jaar-3/Periode-4/FPGA/FPGA-project" --sopcinfo C:/school/Jaar-3/Periode-4/FPGA/FPGA-project/Computer_System.sopcinfo
Info: (rps.elf) 98 KBytes program size (code + initialized data).
Info:           130966 KBytes free for stack + heap.
Info: Creating rps.objdump
nios2-elf-objdump.exe --disassemble --syms --all-header --source rps.elf >rps.objdump
[rps build complete]
13:54:02 **** Incremental Build of configuration Nios II for project rps_bsp ****
wsl make all 
[BSP build complete]
13:54:59 **** Incremental Build of configuration Nios II for project rps ****
wsl make all 
Info: Building /mnt/c/school/Jaar-3/Periode-4/FPGA/FPGA-project/software/rps_bsp/
make --no-print-directory -C /mnt/c/school/Jaar-3/Periode-4/FPGA/FPGA-project/software/rps_bsp/
[BSP build complete]
Info: Compiling hello_world.c to obj/default/hello_world.o
nios2-elf-gcc.exe -xc -MP -MMD -c -Ic:/school/Jaar-3/Periode-4/FPGA/FPGA-project/software/rps_bsp//HAL/inc -Ic:/school/Jaar-3/Periode-4/FPGA/FPGA-project/software/rps_bsp/ -Ic:/school/Jaar-3/Periode-4/FPGA/FPGA-project/software/rps_bsp//drivers/inc  -pipe -D__hal__ -DALT_NO_INSTRUCTION_EMULATION -DALT_SINGLE_THREADED    -O0 -g -Wall   -mno-hw-div -mcustom-fpu-cfg=60-2 -mno-hw-mul -mno-hw-mulx -mgpopt=global  -o "obj/default/hello_world.o" "hello_world.c"
hello_world.c: In function 'main':
hello_world.c:42:9: warning: unused variable 'denormalized_buffer' [-Wunused-variable]
   42 |   float denormalized_buffer[BUF_SIZE];
      |         ^~~~~~~~~~~~~~~~~~~
hello_world.c:40:7: warning: variable 'right_buffer' set but not used [-Wunused-but-set-variable]
   40 |   int right_buffer[BUF_SIZE];
      |       ^~~~~~~~~~~~
Info: Linking rps.elf
nios2-elf-g++.exe  -T'c:/school/Jaar-3/Periode-4/FPGA/FPGA-project/software/rps_bsp//linker.x' -msys-crt0='c:/school/Jaar-3/Periode-4/FPGA/FPGA-project/software/rps_bsp//obj/HAL/src/crt0.o' -msys-lib=hal_bsp -Lc:/school/Jaar-3/Periode-4/FPGA/FPGA-project/software/rps_bsp/  -mcustom-fpu-cfg=60-2  -Wl,-Map=rps.map   -O0 -g -Wall   -mno-hw-div -mcustom-fpu-cfg=60-2 -mno-hw-mul -mno-hw-mulx -mgpopt=global  -o rps.elf obj/default/hello_world.o -lm -msys-lib=m
nios2-elf-insert.exe rps.elf --thread_model hal --cpu_name Nios2 --qsys true --simulation_enabled false --id 0 --sidp 0xff202040 --timestamp 1716816539 --stderr_dev JTAG_UART --stdin_dev JTAG_UART --stdout_dev JTAG_UART --sopc_system_name Computer_System --quartus_project_dir "c:/school/Jaar-3/Periode-4/FPGA/FPGA-project" --sopcinfo C:/school/Jaar-3/Periode-4/FPGA/FPGA-project/Computer_System.sopcinfo
Info: (rps.elf) 98 KBytes program size (code + initialized data).
Info:           130966 KBytes free for stack + heap.
Info: Creating rps.objdump
nios2-elf-objdump.exe --disassemble --syms --all-header --source rps.elf >rps.objdump
[rps build complete]
13:55:01 **** Incremental Build of configuration Nios II for project rps_bsp ****
wsl make all 
[BSP build complete]
13:55:21 **** Incremental Build of configuration Nios II for project rps ****
wsl make all 
Info: Building /mnt/c/school/Jaar-3/Periode-4/FPGA/FPGA-project/software/rps_bsp/
make --no-print-directory -C /mnt/c/school/Jaar-3/Periode-4/FPGA/FPGA-project/software/rps_bsp/
[BSP build complete]
[rps build complete]
13:58:01 **** Incremental Build of configuration Nios II for project rps ****
wsl make all 
Info: Building /mnt/c/school/Jaar-3/Periode-4/FPGA/FPGA-project/software/rps_bsp/
make --no-print-directory -C /mnt/c/school/Jaar-3/Periode-4/FPGA/FPGA-project/software/rps_bsp/
[BSP build complete]
Info: Compiling hello_world.c to obj/default/hello_world.o
nios2-elf-gcc.exe -xc -MP -MMD -c -Ic:/school/Jaar-3/Periode-4/FPGA/FPGA-project/software/rps_bsp//HAL/inc -Ic:/school/Jaar-3/Periode-4/FPGA/FPGA-project/software/rps_bsp/ -Ic:/school/Jaar-3/Periode-4/FPGA/FPGA-project/software/rps_bsp//drivers/inc  -pipe -D__hal__ -DALT_NO_INSTRUCTION_EMULATION -DALT_SINGLE_THREADED    -O0 -g -Wall   -mno-hw-div -mcustom-fpu-cfg=60-2 -mno-hw-mul -mno-hw-mulx -mgpopt=global  -o "obj/default/hello_world.o" "hello_world.c"
hello_world.c: In function 'main':
hello_world.c:42:9: warning: unused variable 'denormalized_buffer' [-Wunused-variable]
   42 |   float denormalized_buffer[BUF_SIZE];
      |         ^~~~~~~~~~~~~~~~~~~
hello_world.c:40:7: warning: variable 'right_buffer' set but not used [-Wunused-but-set-variable]
   40 |   int right_buffer[BUF_SIZE];
      |       ^~~~~~~~~~~~
Info: Linking rps.elf
nios2-elf-g++.exe  -T'c:/school/Jaar-3/Periode-4/FPGA/FPGA-project/software/rps_bsp//linker.x' -msys-crt0='c:/school/Jaar-3/Periode-4/FPGA/FPGA-project/software/rps_bsp//obj/HAL/src/crt0.o' -msys-lib=hal_bsp -Lc:/school/Jaar-3/Periode-4/FPGA/FPGA-project/software/rps_bsp/  -mcustom-fpu-cfg=60-2  -Wl,-Map=rps.map   -O0 -g -Wall   -mno-hw-div -mcustom-fpu-cfg=60-2 -mno-hw-mul -mno-hw-mulx -mgpopt=global  -o rps.elf obj/default/hello_world.o -lm -msys-lib=m
nios2-elf-insert.exe rps.elf --thread_model hal --cpu_name Nios2 --qsys true --simulation_enabled false --id 0 --sidp 0xff202040 --timestamp 1716816539 --stderr_dev JTAG_UART --stdin_dev JTAG_UART --stdout_dev JTAG_UART --sopc_system_name Computer_System --quartus_project_dir "c:/school/Jaar-3/Periode-4/FPGA/FPGA-project" --sopcinfo C:/school/Jaar-3/Periode-4/FPGA/FPGA-project/Computer_System.sopcinfo
Info: (rps.elf) 98 KBytes program size (code + initialized data).
Info:           130966 KBytes free for stack + heap.
Info: Creating rps.objdump
nios2-elf-objdump.exe --disassemble --syms --all-header --source rps.elf >rps.objdump
[rps build complete]
13:58:04 **** Incremental Build of configuration Nios II for project rps_bsp ****
wsl make all 
[BSP build complete]
13:58:15 **** Incremental Build of configuration Nios II for project rps ****
wsl make all 
Info: Building /mnt/c/school/Jaar-3/Periode-4/FPGA/FPGA-project/software/rps_bsp/
make --no-print-directory -C /mnt/c/school/Jaar-3/Periode-4/FPGA/FPGA-project/software/rps_bsp/
[BSP build complete]
[rps build complete]
15:56:52 **** Incremental Build of configuration Nios II for project rps ****
wsl make all 
Info: Building /mnt/c/school/Jaar-3/Periode-4/FPGA/FPGA-project/software/rps_bsp/
make --no-print-directory -C /mnt/c/school/Jaar-3/Periode-4/FPGA/FPGA-project/software/rps_bsp/
[BSP build complete]
Info: Compiling hello_world.c to obj/default/hello_world.o
nios2-elf-gcc.exe -xc -MP -MMD -c -Ic:/school/Jaar-3/Periode-4/FPGA/FPGA-project/software/rps_bsp//HAL/inc -Ic:/school/Jaar-3/Periode-4/FPGA/FPGA-project/software/rps_bsp/ -Ic:/school/Jaar-3/Periode-4/FPGA/FPGA-project/software/rps_bsp//drivers/inc  -pipe -D__hal__ -DALT_NO_INSTRUCTION_EMULATION -DALT_SINGLE_THREADED    -O0 -g -Wall   -mno-hw-div -mcustom-fpu-cfg=60-2 -mno-hw-mul -mno-hw-mulx -mgpopt=global  -o "obj/default/hello_world.o" "hello_world.c"
hello_world.c: In function 'main':
hello_world.c:43:9: warning: unused variable 'denormalized_buffer' [-Wunused-variable]
   43 |   float denormalized_buffer[BUF_SIZE];
      |         ^~~~~~~~~~~~~~~~~~~
hello_world.c:41:7: warning: variable 'right_buffer' set but not used [-Wunused-but-set-variable]
   41 |   int right_buffer[BUF_SIZE];
      |       ^~~~~~~~~~~~
Info: Compiling kiss_fft.c to obj/default/kiss_fft.o
nios2-elf-gcc.exe -xc -MP -MMD -c -Ic:/school/Jaar-3/Periode-4/FPGA/FPGA-project/software/rps_bsp//HAL/inc -Ic:/school/Jaar-3/Periode-4/FPGA/FPGA-project/software/rps_bsp/ -Ic:/school/Jaar-3/Periode-4/FPGA/FPGA-project/software/rps_bsp//drivers/inc  -pipe -D__hal__ -DALT_NO_INSTRUCTION_EMULATION -DALT_SINGLE_THREADED    -O0 -g -Wall   -mno-hw-div -mcustom-fpu-cfg=60-2 -mno-hw-mul -mno-hw-mulx -mgpopt=global  -o "obj/default/kiss_fft.o" "kiss_fft.c"
Info: Linking rps.elf
nios2-elf-g++.exe  -T'c:/school/Jaar-3/Periode-4/FPGA/FPGA-project/software/rps_bsp//linker.x' -msys-crt0='c:/school/Jaar-3/Periode-4/FPGA/FPGA-project/software/rps_bsp//obj/HAL/src/crt0.o' -msys-lib=hal_bsp -Lc:/school/Jaar-3/Periode-4/FPGA/FPGA-project/software/rps_bsp/  -mcustom-fpu-cfg=60-2  -Wl,-Map=rps.map   -O0 -g -Wall   -mno-hw-div -mcustom-fpu-cfg=60-2 -mno-hw-mul -mno-hw-mulx -mgpopt=global  -o rps.elf obj/default/hello_world.o obj/default/kiss_fft.o -lm -msys-lib=m
nios2-elf-insert.exe rps.elf --thread_model hal --cpu_name Nios2 --qsys true --simulation_enabled false --id 0 --sidp 0xff202040 --timestamp 1716816539 --stderr_dev JTAG_UART --stdin_dev JTAG_UART --stdout_dev JTAG_UART --sopc_system_name Computer_System --quartus_project_dir "c:/school/Jaar-3/Periode-4/FPGA/FPGA-project" --sopcinfo C:/school/Jaar-3/Periode-4/FPGA/FPGA-project/Computer_System.sopcinfo
Info: (rps.elf) 104 KBytes program size (code + initialized data).
Info:           130959 KBytes free for stack + heap.
Info: Creating rps.objdump
nios2-elf-objdump.exe --disassemble --syms --all-header --source rps.elf >rps.objdump
[rps build complete]
15:56:56 **** Incremental Build of configuration Nios II for project rps_bsp ****
wsl make all 
[BSP build complete]
16:00:11 **** Incremental Build of configuration Nios II for project rps ****
wsl make all 
Info: Building /mnt/c/school/Jaar-3/Periode-4/FPGA/FPGA-project/software/rps_bsp/
make --no-print-directory -C /mnt/c/school/Jaar-3/Periode-4/FPGA/FPGA-project/software/rps_bsp/
[BSP build complete]
Info: Compiling hello_world.c to obj/default/hello_world.o
nios2-elf-gcc.exe -xc -MP -MMD -c -Ic:/school/Jaar-3/Periode-4/FPGA/FPGA-project/software/rps_bsp//HAL/inc -Ic:/school/Jaar-3/Periode-4/FPGA/FPGA-project/software/rps_bsp/ -Ic:/school/Jaar-3/Periode-4/FPGA/FPGA-project/software/rps_bsp//drivers/inc  -pipe -D__hal__ -DALT_NO_INSTRUCTION_EMULATION -DALT_SINGLE_THREADED    -O0 -g -Wall   -mno-hw-div -mcustom-fpu-cfg=60-2 -mno-hw-mul -mno-hw-mulx -mgpopt=global  -o "obj/default/hello_world.o" "hello_world.c"
hello_world.c: In function 'main':
hello_world.c:43:9: warning: unused variable 'denormalized_buffer' [-Wunused-variable]
   43 |   float denormalized_buffer[BUF_SIZE];
      |         ^~~~~~~~~~~~~~~~~~~
hello_world.c:41:7: warning: variable 'right_buffer' set but not used [-Wunused-but-set-variable]
   41 |   int right_buffer[BUF_SIZE];
      |       ^~~~~~~~~~~~
hello_world.c: In function 'calculate_fft':
hello_world.c:211:24: error: expected expression before 'kiss_fft_cpx'
  211 |  kiss_fft_cpx *cx_in = kiss_fft_cpx[FFT_SIZE];
      |                        ^~~~~~~~~~~~
hello_world.c:213:25: error: expected expression before 'kiss_fft_cpx'
  213 |  kiss_fft_cpx *cx_out = kiss_fft_cpx[FFT_SIZE];
      |                         ^~~~~~~~~~~~
hello_world.c:217:12: warning: format '%d' expects argument of type 'int', but argument 2 has type 'double' [-Wformat=]
  217 |   printf("%d", cx_out[i].r);
      |           ~^   ~~~~~~~~~~~
      |            |            |
      |            int          double
      |           %f
Makefile:733: recipe for target 'obj/default/hello_world.o' failed
make: *** [obj/default/hello_world.o] Error 1
16:00:12 **** Incremental Build of configuration Nios II for project rps_bsp ****
wsl make all 
[BSP build complete]
16:04:37 **** Incremental Build of configuration Nios II for project rps ****
wsl make all 
Info: Building /mnt/c/school/Jaar-3/Periode-4/FPGA/FPGA-project/software/rps_bsp/
make --no-print-directory -C /mnt/c/school/Jaar-3/Periode-4/FPGA/FPGA-project/software/rps_bsp/
[BSP build complete]
Info: Compiling hello_world.c to obj/default/hello_world.o
nios2-elf-gcc.exe -xc -MP -MMD -c -Ic:/school/Jaar-3/Periode-4/FPGA/FPGA-project/software/rps_bsp//HAL/inc -Ic:/school/Jaar-3/Periode-4/FPGA/FPGA-project/software/rps_bsp/ -Ic:/school/Jaar-3/Periode-4/FPGA/FPGA-project/software/rps_bsp//drivers/inc  -pipe -D__hal__ -DALT_NO_INSTRUCTION_EMULATION -DALT_SINGLE_THREADED    -O0 -g -Wall   -mno-hw-div -mcustom-fpu-cfg=60-2 -mno-hw-mul -mno-hw-mulx -mgpopt=global  -o "obj/default/hello_world.o" "hello_world.c"
hello_world.c: In function 'main':
hello_world.c:45:17: warning: unused variable 'cx_out' [-Wunused-variable]
   45 |   kiss_fft_cpx *cx_out[FFT_SIZE];
      |                 ^~~~~~
hello_world.c:44:16: warning: unused variable 'cx_in' [-Wunused-variable]
   44 |   kiss_fft_cpx cx_in[FFT_SIZE];
      |                ^~~~~
hello_world.c:43:9: warning: unused variable 'denormalized_buffer' [-Wunused-variable]
   43 |   float denormalized_buffer[BUF_SIZE];
      |         ^~~~~~~~~~~~~~~~~~~
hello_world.c:41:7: warning: variable 'right_buffer' set but not used [-Wunused-but-set-variable]
   41 |   int right_buffer[BUF_SIZE];
      |       ^~~~~~~~~~~~
hello_world.c: In function 'calculate_fft':
hello_world.c:212:16: error: 'cx_in' undeclared (first use in this function)
  212 |  kiss_fft(cfg, cx_in, cx_out);
      |                ^~~~~
hello_world.c:212:16: note: each undeclared identifier is reported only once for each function it appears in
hello_world.c:212:23: error: 'cx_out' undeclared (first use in this function)
  212 |  kiss_fft(cfg, cx_in, cx_out);
      |                       ^~~~~~
Makefile:733: recipe for target 'obj/default/hello_world.o' failed
make: *** [obj/default/hello_world.o] Error 1
16:04:38 **** Incremental Build of configuration Nios II for project rps_bsp ****
wsl make all 
[BSP build complete]
16:06:47 **** Incremental Build of configuration Nios II for project rps ****
wsl make all 
Info: Building /mnt/c/school/Jaar-3/Periode-4/FPGA/FPGA-project/software/rps_bsp/
make --no-print-directory -C /mnt/c/school/Jaar-3/Periode-4/FPGA/FPGA-project/software/rps_bsp/
[BSP build complete]
Info: Compiling hello_world.c to obj/default/hello_world.o
nios2-elf-gcc.exe -xc -MP -MMD -c -Ic:/school/Jaar-3/Periode-4/FPGA/FPGA-project/software/rps_bsp//HAL/inc -Ic:/school/Jaar-3/Periode-4/FPGA/FPGA-project/software/rps_bsp/ -Ic:/school/Jaar-3/Periode-4/FPGA/FPGA-project/software/rps_bsp//drivers/inc  -pipe -D__hal__ -DALT_NO_INSTRUCTION_EMULATION -DALT_SINGLE_THREADED    -O0 -g -Wall   -mno-hw-div -mcustom-fpu-cfg=60-2 -mno-hw-mul -mno-hw-mulx -mgpopt=global  -o "obj/default/hello_world.o" "hello_world.c"
hello_world.c: In function 'main':
hello_world.c:43:9: warning: unused variable 'denormalized_buffer' [-Wunused-variable]
   43 |   float denormalized_buffer[BUF_SIZE];
      |         ^~~~~~~~~~~~~~~~~~~
hello_world.c:41:7: warning: variable 'right_buffer' set but not used [-Wunused-but-set-variable]
   41 |   int right_buffer[BUF_SIZE];
      |       ^~~~~~~~~~~~
hello_world.c: In function 'calculate_fft':
hello_world.c:214:25: error: 'cx_out[i]' is a pointer; did you mean to use '->'?
  214 |   printf("%d", cx_out[i].r);
      |                         ^
      |                         ->
hello_world.c:211:16: warning: variable 'cx_out' set but not used [-Wunused-but-set-variable]
  211 |  kiss_fft_cpx *cx_out[FFT_SIZE];
      |                ^~~~~~
hello_world.c:210:15: warning: unused variable 'cx_in' [-Wunused-variable]
  210 |  kiss_fft_cpx cx_in[FFT_SIZE];
      |               ^~~~~
hello_world.c:209:15: warning: unused variable 'cfg' [-Wunused-variable]
  209 |  kiss_fft_cfg cfg = kiss_fft_alloc(FFT_SIZE, 0, NULL, NULL);
      |               ^~~
Makefile:733: recipe for target 'obj/default/hello_world.o' failed
make: *** [obj/default/hello_world.o] Error 1
16:06:49 **** Incremental Build of configuration Nios II for project rps_bsp ****
wsl make all 
[BSP build complete]
16:09:06 **** Incremental Build of configuration Nios II for project rps ****
wsl make all 
Info: Building /mnt/c/school/Jaar-3/Periode-4/FPGA/FPGA-project/software/rps_bsp/
make --no-print-directory -C /mnt/c/school/Jaar-3/Periode-4/FPGA/FPGA-project/software/rps_bsp/
[BSP build complete]
Info: Compiling hello_world.c to obj/default/hello_world.o
nios2-elf-gcc.exe -xc -MP -MMD -c -Ic:/school/Jaar-3/Periode-4/FPGA/FPGA-project/software/rps_bsp//HAL/inc -Ic:/school/Jaar-3/Periode-4/FPGA/FPGA-project/software/rps_bsp/ -Ic:/school/Jaar-3/Periode-4/FPGA/FPGA-project/software/rps_bsp//drivers/inc  -pipe -D__hal__ -DALT_NO_INSTRUCTION_EMULATION -DALT_SINGLE_THREADED    -O0 -g -Wall   -mno-hw-div -mcustom-fpu-cfg=60-2 -mno-hw-mul -mno-hw-mulx -mgpopt=global  -o "obj/default/hello_world.o" "hello_world.c"
hello_world.c: In function 'main':
hello_world.c:72:13: warning: implicit declaration of function 'fft_example' [-Wimplicit-function-declaration]
   72 |             fft_example(normalized_buffer, output);
      |             ^~~~~~~~~~~
hello_world.c:43:9: warning: unused variable 'denormalized_buffer' [-Wunused-variable]
   43 |   float denormalized_buffer[BUF_SIZE];
      |         ^~~~~~~~~~~~~~~~~~~
hello_world.c:41:7: warning: variable 'right_buffer' set but not used [-Wunused-but-set-variable]
   41 |   int right_buffer[BUF_SIZE];
      |       ^~~~~~~~~~~~
hello_world.c: At top level:
hello_world.c:210:6: warning: conflicting types for 'fft_example'
  210 | void fft_example(float *input, kiss_fft_cpx *output) {
      |      ^~~~~~~~~~~
hello_world.c:72:13: note: previous implicit declaration of 'fft_example' was here
   72 |             fft_example(normalized_buffer, output);
      |             ^~~~~~~~~~~
hello_world.c: In function 'fft_example':
hello_world.c:217:5: warning: implicit declaration of function 'kiss_rfft'; did you mean 'kiss_fft'? [-Wimplicit-function-declaration]
  217 |     kiss_rfft(cfg, input, output);
      |     ^~~~~~~~~
      |     kiss_fft
Info: Compiling tools/fftutil.c to obj/default/tools/fftutil.o
nios2-elf-gcc.exe -xc -MP -MMD -c -Ic:/school/Jaar-3/Periode-4/FPGA/FPGA-project/software/rps_bsp//HAL/inc -Ic:/school/Jaar-3/Periode-4/FPGA/FPGA-project/software/rps_bsp/ -Ic:/school/Jaar-3/Periode-4/FPGA/FPGA-project/software/rps_bsp//drivers/inc  -pipe -D__hal__ -DALT_NO_INSTRUCTION_EMULATION -DALT_SINGLE_THREADED    -O0 -g -Wall   -mno-hw-div -mcustom-fpu-cfg=60-2 -mno-hw-mul -mno-hw-mulx -mgpopt=global  -o "obj/default/tools/fftutil.o" "tools/fftutil.c"
tools/fftutil.c:21:10: fatal error: kiss_fft.h: No such file or directory
   21 | #include "kiss_fft.h"
      |          ^~~~~~~~~~~~
compilation terminated.
make: *** [obj/default/tools/fftutil.o] Error 1
Makefile:733: recipe for target 'obj/default/tools/fftutil.o' failed
16:09:07 **** Incremental Build of configuration Nios II for project rps_bsp ****
wsl make all 
[BSP build complete]
16:09:49 **** Incremental Build of configuration Nios II for project rps ****
wsl make all 
Info: Building /mnt/c/school/Jaar-3/Periode-4/FPGA/FPGA-project/software/rps_bsp/
make --no-print-directory -C /mnt/c/school/Jaar-3/Periode-4/FPGA/FPGA-project/software/rps_bsp/
[BSP build complete]
Info: Linking rps.elf
nios2-elf-g++.exe  -T'c:/school/Jaar-3/Periode-4/FPGA/FPGA-project/software/rps_bsp//linker.x' -msys-crt0='c:/school/Jaar-3/Periode-4/FPGA/FPGA-project/software/rps_bsp//obj/HAL/src/crt0.o' -msys-lib=hal_bsp -Lc:/school/Jaar-3/Periode-4/FPGA/FPGA-project/software/rps_bsp/  -mcustom-fpu-cfg=60-2  -Wl,-Map=rps.map   -O0 -g -Wall   -mno-hw-div -mcustom-fpu-cfg=60-2 -mno-hw-mul -mno-hw-mulx -mgpopt=global  -o rps.elf obj/default/hello_world.o obj/default/kiss_fft.o obj/default/tools/kfc.o obj/default/tools/kiss_fastfir.o obj/default/tools/kiss_fftnd.o obj/default/tools/kiss_fftndr.o obj/default/tools/kiss_fftr.o obj/default/tools/psdpng.o -lm -msys-lib=m
nios2-elf-g++.exe: error: obj/default/tools/kfc.o: No such file or directory
nios2-elf-g++.exe: error: obj/default/tools/kiss_fastfir.o: No such file or directory
nios2-elf-g++.exe: error: obj/default/tools/kiss_fftnd.o: No such file or directory
nios2-elf-g++.exe: error: obj/default/tools/kiss_fftndr.o: No such file or directory
nios2-elf-g++.exe: error: obj/default/tools/kiss_fftr.o: No such file or directory
nios2-elf-g++.exe: error: obj/default/tools/psdpng.o: No such file or directory
Makefile:1021: recipe for target 'rps.elf' failed
make: *** [rps.elf] Error 1
16:09:50 **** Incremental Build of configuration Nios II for project rps_bsp ****
wsl make all 
[BSP build complete]
16:10:30 **** Incremental Build of configuration Nios II for project rps ****
wsl make all 
Info: Building /mnt/c/school/Jaar-3/Periode-4/FPGA/FPGA-project/software/rps_bsp/
make --no-print-directory -C /mnt/c/school/Jaar-3/Periode-4/FPGA/FPGA-project/software/rps_bsp/
[BSP build complete]
Info: Linking rps.elf
nios2-elf-g++.exe  -T'c:/school/Jaar-3/Periode-4/FPGA/FPGA-project/software/rps_bsp//linker.x' -msys-crt0='c:/school/Jaar-3/Periode-4/FPGA/FPGA-project/software/rps_bsp//obj/HAL/src/crt0.o' -msys-lib=hal_bsp -Lc:/school/Jaar-3/Periode-4/FPGA/FPGA-project/software/rps_bsp/  -mcustom-fpu-cfg=60-2  -Wl,-Map=rps.map   -O0 -g -Wall   -mno-hw-div -mcustom-fpu-cfg=60-2 -mno-hw-mul -mno-hw-mulx -mgpopt=global  -o rps.elf obj/default/hello_world.o obj/default/kiss_fft.o -lm -msys-lib=m
c:/intelfpga_lite/21.1/nios2eds/bin/gnu/h-x86_64-mingw32/bin/../lib/gcc/nios2-elf/10.3.1/../../../../../H-x86_64-mingw32/nios2-elf/bin/ld.exe: obj/default/hello_world.o: in function `fft_example':
C:\school\Jaar-3\Periode-4\FPGA\FPGA-project\software\rps/hello_world.c:217: undefined reference to `kiss_rfft'
collect2.exe: error: ld returned 1 exit status
make: *** [rps.elf] Error 1
Makefile:1015: recipe for target 'rps.elf' failed
16:10:31 **** Incremental Build of configuration Nios II for project rps_bsp ****
wsl make all 
[BSP build complete]
16:12:14 **** Incremental Build of configuration Nios II for project rps ****
wsl make all 
Info: Building /mnt/c/school/Jaar-3/Periode-4/FPGA/FPGA-project/software/rps_bsp/
make --no-print-directory -C /mnt/c/school/Jaar-3/Periode-4/FPGA/FPGA-project/software/rps_bsp/
[BSP build complete]
Info: Compiling hello_world.c to obj/default/hello_world.o
nios2-elf-gcc.exe -xc -MP -MMD -c -Ic:/school/Jaar-3/Periode-4/FPGA/FPGA-project/software/rps_bsp//HAL/inc -Ic:/school/Jaar-3/Periode-4/FPGA/FPGA-project/software/rps_bsp/ -Ic:/school/Jaar-3/Periode-4/FPGA/FPGA-project/software/rps_bsp//drivers/inc  -pipe -D__hal__ -DALT_NO_INSTRUCTION_EMULATION -DALT_SINGLE_THREADED    -O0 -g -Wall   -mno-hw-div -mcustom-fpu-cfg=60-2 -mno-hw-mul -mno-hw-mulx -mgpopt=global  -o "obj/default/hello_world.o" "hello_world.c"
hello_world.c: In function 'main':
hello_world.c:72:13: warning: implicit declaration of function 'fft_example' [-Wimplicit-function-declaration]
   72 |             fft_example(normalized_buffer, output);
      |             ^~~~~~~~~~~
hello_world.c:43:9: warning: unused variable 'denormalized_buffer' [-Wunused-variable]
   43 |   float denormalized_buffer[BUF_SIZE];
      |         ^~~~~~~~~~~~~~~~~~~
hello_world.c:41:7: warning: variable 'right_buffer' set but not used [-Wunused-but-set-variable]
   41 |   int right_buffer[BUF_SIZE];
      |       ^~~~~~~~~~~~
hello_world.c: At top level:
hello_world.c:210:6: warning: conflicting types for 'fft_example'
  210 | void fft_example(float *input, kiss_fft_cpx *output) {
      |      ^~~~~~~~~~~
hello_world.c:72:13: note: previous implicit declaration of 'fft_example' was here
   72 |             fft_example(normalized_buffer, output);
      |             ^~~~~~~~~~~
hello_world.c: In function 'fft_example':
hello_world.c:217:19: warning: passing argument 2 of 'kiss_fft' from incompatible pointer type [-Wincompatible-pointer-types]
  217 |     kiss_fft(cfg, input, output);
      |                   ^~~~~
      |                   |
      |                   float *
In file included from hello_world.c:7:
kiss_fft.h:93:52: note: expected 'const kiss_fft_cpx *' but argument is of type 'float *'
   93 | void kiss_fft(kiss_fft_cfg cfg,const kiss_fft_cpx *fin,kiss_fft_cpx *fout);
      |                                ~~~~~~~~~~~~~~~~~~~~^~~
Info: Linking rps.elf
nios2-elf-g++.exe  -T'c:/school/Jaar-3/Periode-4/FPGA/FPGA-project/software/rps_bsp//linker.x' -msys-crt0='c:/school/Jaar-3/Periode-4/FPGA/FPGA-project/software/rps_bsp//obj/HAL/src/crt0.o' -msys-lib=hal_bsp -Lc:/school/Jaar-3/Periode-4/FPGA/FPGA-project/software/rps_bsp/  -mcustom-fpu-cfg=60-2  -Wl,-Map=rps.map   -O0 -g -Wall   -mno-hw-div -mcustom-fpu-cfg=60-2 -mno-hw-mul -mno-hw-mulx -mgpopt=global  -o rps.elf obj/default/hello_world.o obj/default/kiss_fft.o -lm -msys-lib=m
nios2-elf-insert.exe rps.elf --thread_model hal --cpu_name Nios2 --qsys true --simulation_enabled false --id 0 --sidp 0xff202040 --timestamp 1716816539 --stderr_dev JTAG_UART --stdin_dev JTAG_UART --stdout_dev JTAG_UART --sopc_system_name Computer_System --quartus_project_dir "c:/school/Jaar-3/Periode-4/FPGA/FPGA-project" --sopcinfo C:/school/Jaar-3/Periode-4/FPGA/FPGA-project/Computer_System.sopcinfo
Info: (rps.elf) 104 KBytes program size (code + initialized data).
Info:           130959 KBytes free for stack + heap.
Info: Creating rps.objdump
nios2-elf-objdump.exe --disassemble --syms --all-header --source rps.elf >rps.objdump
[rps build complete]
16:12:17 **** Incremental Build of configuration Nios II for project rps_bsp ****
wsl make all 
[BSP build complete]
16:17:13 **** Incremental Build of configuration Nios II for project rps ****
wsl make all 
Info: Building /mnt/c/school/Jaar-3/Periode-4/FPGA/FPGA-project/software/rps_bsp/
make --no-print-directory -C /mnt/c/school/Jaar-3/Periode-4/FPGA/FPGA-project/software/rps_bsp/
[BSP build complete]
[rps build complete]
16:17:14 **** Incremental Build of configuration Nios II for project rps_bsp ****
wsl make all 
[BSP build complete]
16:17:36 **** Incremental Build of configuration Nios II for project rps ****
wsl make all 
Info: Building /mnt/c/school/Jaar-3/Periode-4/FPGA/FPGA-project/software/rps_bsp/
make --no-print-directory -C /mnt/c/school/Jaar-3/Periode-4/FPGA/FPGA-project/software/rps_bsp/
[BSP build complete]
Info: Compiling hello_world.c to obj/default/hello_world.o
nios2-elf-gcc.exe -xc -MP -MMD -c -Ic:/school/Jaar-3/Periode-4/FPGA/FPGA-project/software/rps_bsp//HAL/inc -Ic:/school/Jaar-3/Periode-4/FPGA/FPGA-project/software/rps_bsp/ -Ic:/school/Jaar-3/Periode-4/FPGA/FPGA-project/software/rps_bsp//drivers/inc  -pipe -D__hal__ -DALT_NO_INSTRUCTION_EMULATION -DALT_SINGLE_THREADED    -O0 -g -Wall   -mno-hw-div -mcustom-fpu-cfg=60-2 -mno-hw-mul -mno-hw-mulx -mgpopt=global  -o "obj/default/hello_world.o" "hello_world.c"
hello_world.c: In function 'main':
hello_world.c:72:13: warning: implicit declaration of function 'fft_example' [-Wimplicit-function-declaration]
   72 |             fft_example(normalized_buffer, output);
      |             ^~~~~~~~~~~
hello_world.c:43:9: warning: unused variable 'denormalized_buffer' [-Wunused-variable]
   43 |   float denormalized_buffer[BUF_SIZE];
      |         ^~~~~~~~~~~~~~~~~~~
hello_world.c:41:7: warning: variable 'right_buffer' set but not used [-Wunused-but-set-variable]
   41 |   int right_buffer[BUF_SIZE];
      |       ^~~~~~~~~~~~
hello_world.c: At top level:
hello_world.c:210:6: warning: conflicting types for 'fft_example'
  210 | void fft_example(float *input, kiss_fft_cpx *output) {
      |      ^~~~~~~~~~~
hello_world.c:72:13: note: previous implicit declaration of 'fft_example' was here
   72 |             fft_example(normalized_buffer, output);
      |             ^~~~~~~~~~~
hello_world.c: In function 'fft_example':
hello_world.c:217:5: warning: implicit declaration of function 'kiss_fftr'; did you mean 'kiss_fft'? [-Wimplicit-function-declaration]
  217 |     kiss_fftr(cfg, input, output);
      |     ^~~~~~~~~
      |     kiss_fft
Info: Compiling tools/fftutil.c to obj/default/tools/fftutil.o
nios2-elf-gcc.exe -xc -MP -MMD -c -Ic:/school/Jaar-3/Periode-4/FPGA/FPGA-project/software/rps_bsp//HAL/inc -Ic:/school/Jaar-3/Periode-4/FPGA/FPGA-project/software/rps_bsp/ -Ic:/school/Jaar-3/Periode-4/FPGA/FPGA-project/software/rps_bsp//drivers/inc  -pipe -D__hal__ -DALT_NO_INSTRUCTION_EMULATION -DALT_SINGLE_THREADED    -O0 -g -Wall   -mno-hw-div -mcustom-fpu-cfg=60-2 -mno-hw-mul -mno-hw-mulx -mgpopt=global  -o "obj/default/tools/fftutil.o" "tools/fftutil.c"
tools/fftutil.c:21:10: fatal error: kiss_fft.h: No such file or directory
   21 | #include "kiss_fft.h"
      |          ^~~~~~~~~~~~
compilation terminated.
Makefile:733: recipe for target 'obj/default/tools/fftutil.o' failed
make: *** [obj/default/tools/fftutil.o] Error 1
16:17:37 **** Incremental Build of configuration Nios II for project rps_bsp ****
wsl make all 
[BSP build complete]
16:19:12 **** Incremental Build of configuration Nios II for project rps ****
wsl make all 
Info: Building /mnt/c/school/Jaar-3/Periode-4/FPGA/FPGA-project/software/rps_bsp/
make --no-print-directory -C /mnt/c/school/Jaar-3/Periode-4/FPGA/FPGA-project/software/rps_bsp/
[BSP build complete]
Info: Compiling hello_world.c to obj/default/hello_world.o
nios2-elf-gcc.exe -xc -MP -MMD -c -Ic:/school/Jaar-3/Periode-4/FPGA/FPGA-project/software/rps_bsp//HAL/inc -Ic:/school/Jaar-3/Periode-4/FPGA/FPGA-project/software/rps_bsp/ -Ic:/school/Jaar-3/Periode-4/FPGA/FPGA-project/software/rps_bsp//drivers/inc  -pipe -D__hal__ -DALT_NO_INSTRUCTION_EMULATION -DALT_SINGLE_THREADED    -O0 -g -Wall   -mno-hw-div -mcustom-fpu-cfg=60-2 -mno-hw-mul -mno-hw-mulx -mgpopt=global  -o "obj/default/hello_world.o" "hello_world.c"
hello_world.c: In function 'main':
hello_world.c:72:13: warning: implicit declaration of function 'fft_example' [-Wimplicit-function-declaration]
   72 |             fft_example(normalized_buffer, output);
      |             ^~~~~~~~~~~
hello_world.c:43:9: warning: unused variable 'denormalized_buffer' [-Wunused-variable]
   43 |   float denormalized_buffer[BUF_SIZE];
      |         ^~~~~~~~~~~~~~~~~~~
hello_world.c:41:7: warning: variable 'right_buffer' set but not used [-Wunused-but-set-variable]
   41 |   int right_buffer[BUF_SIZE];
      |       ^~~~~~~~~~~~
hello_world.c: At top level:
hello_world.c:210:6: warning: conflicting types for 'fft_example'
  210 | void fft_example(float *input, kiss_fft_cpx *output) {
      |      ^~~~~~~~~~~
hello_world.c:72:13: note: previous implicit declaration of 'fft_example' was here
   72 |             fft_example(normalized_buffer, output);
      |             ^~~~~~~~~~~
hello_world.c: In function 'fft_example':
hello_world.c:217:19: warning: passing argument 2 of 'kiss_fft' from incompatible pointer type [-Wincompatible-pointer-types]
  217 |     kiss_fft(cfg, input, output);
      |                   ^~~~~
      |                   |
      |                   float *
In file included from hello_world.c:7:
kiss_fft.h:93:52: note: expected 'const kiss_fft_cpx *' but argument is of type 'float *'
   93 | void kiss_fft(kiss_fft_cfg cfg,const kiss_fft_cpx *fin,kiss_fft_cpx *fout);
      |                                ~~~~~~~~~~~~~~~~~~~~^~~
Info: Linking rps.elf
nios2-elf-g++.exe  -T'c:/school/Jaar-3/Periode-4/FPGA/FPGA-project/software/rps_bsp//linker.x' -msys-crt0='c:/school/Jaar-3/Periode-4/FPGA/FPGA-project/software/rps_bsp//obj/HAL/src/crt0.o' -msys-lib=hal_bsp -Lc:/school/Jaar-3/Periode-4/FPGA/FPGA-project/software/rps_bsp/  -mcustom-fpu-cfg=60-2  -Wl,-Map=rps.map   -O0 -g -Wall   -mno-hw-div -mcustom-fpu-cfg=60-2 -mno-hw-mul -mno-hw-mulx -mgpopt=global  -o rps.elf obj/default/hello_world.o obj/default/kiss_fft.o -lm -msys-lib=m
nios2-elf-insert.exe rps.elf --thread_model hal --cpu_name Nios2 --qsys true --simulation_enabled false --id 0 --sidp 0xff202040 --timestamp 1716816539 --stderr_dev JTAG_UART --stdin_dev JTAG_UART --stdout_dev JTAG_UART --sopc_system_name Computer_System --quartus_project_dir "c:/school/Jaar-3/Periode-4/FPGA/FPGA-project" --sopcinfo C:/school/Jaar-3/Periode-4/FPGA/FPGA-project/Computer_System.sopcinfo
Info: (rps.elf) 104 KBytes program size (code + initialized data).
Info:           130959 KBytes free for stack + heap.
Info: Creating rps.objdump
nios2-elf-objdump.exe --disassemble --syms --all-header --source rps.elf >rps.objdump
[rps build complete]
16:19:16 **** Incremental Build of configuration Nios II for project rps_bsp ****
wsl make all 
[BSP build complete]
16:19:44 **** Incremental Build of configuration Nios II for project rps ****
wsl make all 
Info: Building /mnt/c/school/Jaar-3/Periode-4/FPGA/FPGA-project/software/rps_bsp/
make --no-print-directory -C /mnt/c/school/Jaar-3/Periode-4/FPGA/FPGA-project/software/rps_bsp/
[BSP build complete]
[rps build complete]
16:28:09 **** Incremental Build of configuration Nios II for project rps ****
wsl make all 
Info: Building /mnt/c/school/Jaar-3/Periode-4/FPGA/FPGA-project/software/rps_bsp/
make --no-print-directory -C /mnt/c/school/Jaar-3/Periode-4/FPGA/FPGA-project/software/rps_bsp/
[BSP build complete]
Info: Compiling hello_world.c to obj/default/hello_world.o
nios2-elf-gcc.exe -xc -MP -MMD -c -Ic:/school/Jaar-3/Periode-4/FPGA/FPGA-project/software/rps_bsp//HAL/inc -Ic:/school/Jaar-3/Periode-4/FPGA/FPGA-project/software/rps_bsp/ -Ic:/school/Jaar-3/Periode-4/FPGA/FPGA-project/software/rps_bsp//drivers/inc  -pipe -D__hal__ -DALT_NO_INSTRUCTION_EMULATION -DALT_SINGLE_THREADED    -O0 -g -Wall   -mno-hw-div -mcustom-fpu-cfg=60-2 -mno-hw-mul -mno-hw-mulx -mgpopt=global  -o "obj/default/hello_world.o" "hello_world.c"
hello_world.c: In function 'main':
hello_world.c:43:9: warning: unused variable 'denormalized_buffer' [-Wunused-variable]
   43 |   float denormalized_buffer[BUF_SIZE];
      |         ^~~~~~~~~~~~~~~~~~~
hello_world.c:41:7: warning: variable 'right_buffer' set but not used [-Wunused-but-set-variable]
   41 |   int right_buffer[BUF_SIZE];
      |       ^~~~~~~~~~~~
hello_world.c: In function 'fft_example':
hello_world.c:217:19: warning: passing argument 2 of 'kiss_fft' from incompatible pointer type [-Wincompatible-pointer-types]
  217 |     kiss_fft(cfg, input, output);
      |                   ^~~~~
      |                   |
      |                   float *
In file included from hello_world.c:7:
kiss_fft.h:93:52: note: expected 'const kiss_fft_cpx *' but argument is of type 'float *'
   93 | void kiss_fft(kiss_fft_cfg cfg,const kiss_fft_cpx *fin,kiss_fft_cpx *fout);
      |                                ~~~~~~~~~~~~~~~~~~~~^~~
Info: Linking rps.elf
nios2-elf-g++.exe  -T'c:/school/Jaar-3/Periode-4/FPGA/FPGA-project/software/rps_bsp//linker.x' -msys-crt0='c:/school/Jaar-3/Periode-4/FPGA/FPGA-project/software/rps_bsp//obj/HAL/src/crt0.o' -msys-lib=hal_bsp -Lc:/school/Jaar-3/Periode-4/FPGA/FPGA-project/software/rps_bsp/  -mcustom-fpu-cfg=60-2  -Wl,-Map=rps.map   -O0 -g -Wall   -mno-hw-div -mcustom-fpu-cfg=60-2 -mno-hw-mul -mno-hw-mulx -mgpopt=global  -o rps.elf obj/default/hello_world.o obj/default/kiss_fft.o -lm -msys-lib=m
nios2-elf-insert.exe rps.elf --thread_model hal --cpu_name Nios2 --qsys true --simulation_enabled false --id 0 --sidp 0xff202040 --timestamp 1716816539 --stderr_dev JTAG_UART --stdin_dev JTAG_UART --stdout_dev JTAG_UART --sopc_system_name Computer_System --quartus_project_dir "c:/school/Jaar-3/Periode-4/FPGA/FPGA-project" --sopcinfo C:/school/Jaar-3/Periode-4/FPGA/FPGA-project/Computer_System.sopcinfo
Info: (rps.elf) 104 KBytes program size (code + initialized data).
Info:           130959 KBytes free for stack + heap.
Info: Creating rps.objdump
nios2-elf-objdump.exe --disassemble --syms --all-header --source rps.elf >rps.objdump
[rps build complete]
16:28:11 **** Incremental Build of configuration Nios II for project rps_bsp ****
wsl make all 
[BSP build complete]
16:28:17 **** Incremental Build of configuration Nios II for project rps ****
wsl make all 
Info: Building /mnt/c/school/Jaar-3/Periode-4/FPGA/FPGA-project/software/rps_bsp/
make --no-print-directory -C /mnt/c/school/Jaar-3/Periode-4/FPGA/FPGA-project/software/rps_bsp/
[BSP build complete]
[rps build complete]
16:28:17 **** Incremental Build of configuration Nios II for project rps_bsp ****
wsl make all 
[BSP build complete]
16:28:21 **** Incremental Build of configuration Nios II for project rps ****
wsl make all 
Info: Building /mnt/c/school/Jaar-3/Periode-4/FPGA/FPGA-project/software/rps_bsp/
make --no-print-directory -C /mnt/c/school/Jaar-3/Periode-4/FPGA/FPGA-project/software/rps_bsp/
[BSP build complete]
[rps build complete]
16:29:12 **** Incremental Build of configuration Nios II for project rps ****
wsl make all 
Info: Building /mnt/c/school/Jaar-3/Periode-4/FPGA/FPGA-project/software/rps_bsp/
make --no-print-directory -C /mnt/c/school/Jaar-3/Periode-4/FPGA/FPGA-project/software/rps_bsp/
[BSP build complete]
Info: Compiling hello_world.c to obj/default/hello_world.o
nios2-elf-gcc.exe -xc -MP -MMD -c -Ic:/school/Jaar-3/Periode-4/FPGA/FPGA-project/software/rps_bsp//HAL/inc -Ic:/school/Jaar-3/Periode-4/FPGA/FPGA-project/software/rps_bsp/ -Ic:/school/Jaar-3/Periode-4/FPGA/FPGA-project/software/rps_bsp//drivers/inc  -pipe -D__hal__ -DALT_NO_INSTRUCTION_EMULATION -DALT_SINGLE_THREADED    -O0 -g -Wall   -mno-hw-div -mcustom-fpu-cfg=60-2 -mno-hw-mul -mno-hw-mulx -mgpopt=global  -o "obj/default/hello_world.o" "hello_world.c"
hello_world.c: In function 'main':
hello_world.c:75:24: warning: format '%f' expects argument of type 'double', but argument 2 has type 'kiss_fft_cpx' [-Wformat=]
   75 |               printf("%f\n", output[i]);
      |                       ~^     ~~~~~~~~~
      |                        |           |
      |                        double      kiss_fft_cpx
hello_world.c:43:9: warning: unused variable 'denormalized_buffer' [-Wunused-variable]
   43 |   float denormalized_buffer[BUF_SIZE];
      |         ^~~~~~~~~~~~~~~~~~~
hello_world.c:41:7: warning: variable 'right_buffer' set but not used [-Wunused-but-set-variable]
   41 |   int right_buffer[BUF_SIZE];
      |       ^~~~~~~~~~~~
hello_world.c: In function 'fft_example':
hello_world.c:217:19: warning: passing argument 2 of 'kiss_fft' from incompatible pointer type [-Wincompatible-pointer-types]
  217 |     kiss_fft(cfg, input, output);
      |                   ^~~~~
      |                   |
      |                   float *
In file included from hello_world.c:7:
kiss_fft.h:93:52: note: expected 'const kiss_fft_cpx *' but argument is of type 'float *'
   93 | void kiss_fft(kiss_fft_cfg cfg,const kiss_fft_cpx *fin,kiss_fft_cpx *fout);
      |                                ~~~~~~~~~~~~~~~~~~~~^~~
Info: Linking rps.elf
nios2-elf-g++.exe  -T'c:/school/Jaar-3/Periode-4/FPGA/FPGA-project/software/rps_bsp//linker.x' -msys-crt0='c:/school/Jaar-3/Periode-4/FPGA/FPGA-project/software/rps_bsp//obj/HAL/src/crt0.o' -msys-lib=hal_bsp -Lc:/school/Jaar-3/Periode-4/FPGA/FPGA-project/software/rps_bsp/  -mcustom-fpu-cfg=60-2  -Wl,-Map=rps.map   -O0 -g -Wall   -mno-hw-div -mcustom-fpu-cfg=60-2 -mno-hw-mul -mno-hw-mulx -mgpopt=global  -o rps.elf obj/default/hello_world.o obj/default/kiss_fft.o -lm -msys-lib=m
nios2-elf-insert.exe rps.elf --thread_model hal --cpu_name Nios2 --qsys true --simulation_enabled false --id 0 --sidp 0xff202040 --timestamp 1716816539 --stderr_dev JTAG_UART --stdin_dev JTAG_UART --stdout_dev JTAG_UART --sopc_system_name Computer_System --quartus_project_dir "c:/school/Jaar-3/Periode-4/FPGA/FPGA-project" --sopcinfo C:/school/Jaar-3/Periode-4/FPGA/FPGA-project/Computer_System.sopcinfo
Info: (rps.elf) 104 KBytes program size (code + initialized data).
Info:           130959 KBytes free for stack + heap.
Info: Creating rps.objdump
nios2-elf-objdump.exe --disassemble --syms --all-header --source rps.elf >rps.objdump
[rps build complete]
16:29:14 **** Incremental Build of configuration Nios II for project rps_bsp ****
wsl make all 
[BSP build complete]
16:29:19 **** Incremental Build of configuration Nios II for project rps ****
wsl make all 
Info: Building /mnt/c/school/Jaar-3/Periode-4/FPGA/FPGA-project/software/rps_bsp/
make --no-print-directory -C /mnt/c/school/Jaar-3/Periode-4/FPGA/FPGA-project/software/rps_bsp/
[BSP build complete]
[rps build complete]
16:31:57 **** Incremental Build of configuration Nios II for project rps ****
wsl make all 
Info: Building /mnt/c/school/Jaar-3/Periode-4/FPGA/FPGA-project/software/rps_bsp/
make --no-print-directory -C /mnt/c/school/Jaar-3/Periode-4/FPGA/FPGA-project/software/rps_bsp/
[BSP build complete]
Info: Compiling hello_world.c to obj/default/hello_world.o
nios2-elf-gcc.exe -xc -MP -MMD -c -Ic:/school/Jaar-3/Periode-4/FPGA/FPGA-project/software/rps_bsp//HAL/inc -Ic:/school/Jaar-3/Periode-4/FPGA/FPGA-project/software/rps_bsp/ -Ic:/school/Jaar-3/Periode-4/FPGA/FPGA-project/software/rps_bsp//drivers/inc  -pipe -D__hal__ -DALT_NO_INSTRUCTION_EMULATION -DALT_SINGLE_THREADED    -O0 -g -Wall   -mno-hw-div -mcustom-fpu-cfg=60-2 -mno-hw-mul -mno-hw-mulx -mgpopt=global  -o "obj/default/hello_world.o" "hello_world.c"
hello_world.c: In function 'main':
hello_world.c:75:24: warning: format '%f' expects argument of type 'double', but argument 2 has type 'kiss_fft_cpx' [-Wformat=]
   75 |               printf("%f\n", output[i]);
      |                       ~^     ~~~~~~~~~
      |                        |           |
      |                        double      kiss_fft_cpx
hello_world.c:43:9: warning: unused variable 'denormalized_buffer' [-Wunused-variable]
   43 |   float denormalized_buffer[BUF_SIZE];
      |         ^~~~~~~~~~~~~~~~~~~
hello_world.c:41:7: warning: variable 'right_buffer' set but not used [-Wunused-but-set-variable]
   41 |   int right_buffer[BUF_SIZE];
      |       ^~~~~~~~~~~~
hello_world.c: In function 'fft_example':
hello_world.c:217:19: warning: passing argument 2 of 'kiss_fft' from incompatible pointer type [-Wincompatible-pointer-types]
  217 |     kiss_fft(cfg, input, output);
      |                   ^~~~~
      |                   |
      |                   float *
In file included from hello_world.c:7:
kiss_fft.h:93:52: note: expected 'const kiss_fft_cpx *' but argument is of type 'float *'
   93 | void kiss_fft(kiss_fft_cfg cfg,const kiss_fft_cpx *fin,kiss_fft_cpx *fout);
      |                                ~~~~~~~~~~~~~~~~~~~~^~~
Info: Linking rps.elf
nios2-elf-g++.exe  -T'c:/school/Jaar-3/Periode-4/FPGA/FPGA-project/software/rps_bsp//linker.x' -msys-crt0='c:/school/Jaar-3/Periode-4/FPGA/FPGA-project/software/rps_bsp//obj/HAL/src/crt0.o' -msys-lib=hal_bsp -Lc:/school/Jaar-3/Periode-4/FPGA/FPGA-project/software/rps_bsp/  -mcustom-fpu-cfg=60-2  -Wl,-Map=rps.map   -O0 -g -Wall   -mno-hw-div -mcustom-fpu-cfg=60-2 -mno-hw-mul -mno-hw-mulx -mgpopt=global  -o rps.elf obj/default/hello_world.o obj/default/kiss_fft.o -lm -msys-lib=m
nios2-elf-insert.exe rps.elf --thread_model hal --cpu_name Nios2 --qsys true --simulation_enabled false --id 0 --sidp 0xff202040 --timestamp 1716816539 --stderr_dev JTAG_UART --stdin_dev JTAG_UART --stdout_dev JTAG_UART --sopc_system_name Computer_System --quartus_project_dir "c:/school/Jaar-3/Periode-4/FPGA/FPGA-project" --sopcinfo C:/school/Jaar-3/Periode-4/FPGA/FPGA-project/Computer_System.sopcinfo
Info: (rps.elf) 104 KBytes program size (code + initialized data).
Info:           130959 KBytes free for stack + heap.
Info: Creating rps.objdump
nios2-elf-objdump.exe --disassemble --syms --all-header --source rps.elf >rps.objdump
[rps build complete]
16:32:00 **** Incremental Build of configuration Nios II for project rps_bsp ****
wsl make all 
[BSP build complete]
16:32:06 **** Incremental Build of configuration Nios II for project rps ****
wsl make all 
Info: Building /mnt/c/school/Jaar-3/Periode-4/FPGA/FPGA-project/software/rps_bsp/
make --no-print-directory -C /mnt/c/school/Jaar-3/Periode-4/FPGA/FPGA-project/software/rps_bsp/
[BSP build complete]
[rps build complete]
16:32:07 **** Incremental Build of configuration Nios II for project rps_bsp ****
wsl make all 
[BSP build complete]
16:32:10 **** Incremental Build of configuration Nios II for project rps ****
wsl make all 
Info: Building /mnt/c/school/Jaar-3/Periode-4/FPGA/FPGA-project/software/rps_bsp/
make --no-print-directory -C /mnt/c/school/Jaar-3/Periode-4/FPGA/FPGA-project/software/rps_bsp/
[BSP build complete]
[rps build complete]
16:32:53 **** Incremental Build of configuration Nios II for project rps ****
wsl make all 
Info: Building /mnt/c/school/Jaar-3/Periode-4/FPGA/FPGA-project/software/rps_bsp/
make --no-print-directory -C /mnt/c/school/Jaar-3/Periode-4/FPGA/FPGA-project/software/rps_bsp/
[BSP build complete]
[rps build complete]
